0 verbose cli /usr/local/Cellar/node/21.7.1/bin/node /usr/local/bin/npm
1 info using npm@10.5.0
2 info using node@v21.7.1
3 timing npm:load:whichnode Completed in 1ms
4 timing config:load:defaults Completed in 3ms
5 timing config:load:file:/usr/local/lib/node_modules/npm/npmrc Completed in 2ms
6 timing config:load:builtin Completed in 2ms
7 timing config:load:cli Completed in 2ms
8 timing config:load:env Completed in 1ms
9 timing config:load:file:/Users/test/Desktop/medetaionTestTask/.npmrc Completed in 0ms
10 timing config:load:project Completed in 2ms
11 timing config:load:file:/Users/test/.npmrc Completed in 0ms
12 timing config:load:user Completed in 0ms
13 timing config:load:file:/usr/local/etc/npmrc Completed in 1ms
14 timing config:load:global Completed in 1ms
15 timing config:load:setEnvs Completed in 1ms
16 timing config:load Completed in 12ms
17 timing npm:load:configload Completed in 12ms
18 timing config:load:flatten Completed in 3ms
19 timing npm:load:mkdirpcache Completed in 1ms
20 timing npm:load:mkdirplogs Completed in 0ms
21 verbose title npm start
22 verbose argv "start" "--cache" "clean" "--force"
23 timing npm:load:setTitle Completed in 2ms
24 timing npm:load:display Completed in 0ms
25 verbose logfile logs-max:10 dir:/Users/test/Desktop/medetaionTestTask/clean/_logs/2024-04-26T03_15_23_856Z-
26 verbose logfile /Users/test/Desktop/medetaionTestTask/clean/_logs/2024-04-26T03_15_23_856Z-debug-0.log
27 timing npm:load:logFile Completed in 11ms
28 timing npm:load:timers Completed in 0ms
29 timing npm:load:configScope Completed in 0ms
30 warn using --force Recommended protections disabled.
31 timing npm:load Completed in 42ms
32 silly logfile done cleaning log files
33 http fetch GET 200 https://registry.npmjs.org/npm 221ms
34 http fetch GET 200 https://registry.npmjs.org/npm 205ms
35 timing command:run-script Completed in 41307ms
36 timing command:start Completed in 41316ms
37 notice
37 notice New [33mminor[39m version of npm available! [31m10.5.0[39m -> [32m10.6.0[39m
37 notice Changelog: [36mhttps://github.com/npm/cli/releases/tag/v10.6.0[39m
37 notice Run [32mnpm install -g npm@10.6.0[39m to update!
37 notice
38 verbose exit 0
39 timing npm Completed in 41381ms
40 info ok
